<?xml version="1.0" encoding="UTF-8"?>
<testsuite xmlns:xsi="http://www.w3.org/2001/XMLSchema-instance" xsi:noNamespaceSchemaLocation="https://maven.apache.org/surefire/maven-surefire-plugin/xsd/surefire-test-report-3.0.xsd" version="3.0" name="com.increff.pos.integration.dao.DashboardDaoIntegrationTest" time="1.83" tests="8" errors="0" skipped="0" failures="0">
  <properties>
[...]
</properties>
  <testcase name="getTotalClients_withData_shouldReturnCount" classname="com.increff.pos.integration.dao.DashboardDaoIntegrationTest" time="0.24">
    <system-out><![CDATA[Hibernate: drop table Client if exists
Hibernate: drop table Inventory if exists
Hibernate: drop table OrderItem if exists
Hibernate: drop table Orders if exists
Hibernate: drop table Product if exists
Hibernate: drop table User if exists
Hibernate: create table Client (id integer generated by default as identity, createdAt timestamp not null, updatedAt timestamp not null, version integer not null, clientName varchar(255) not null, primary key (id))
Hibernate: create table Inventory (id integer generated by default as identity, createdAt timestamp not null, updatedAt timestamp not null, version integer not null, productId integer not null, quantity integer not null, primary key (id))
Hibernate: create table OrderItem (id integer generated by default as identity, createdAt timestamp not null, updatedAt timestamp not null, version integer not null, orderId integer not null, productId integer not null, quantity integer not null, sellingPrice double not null, primary key (id))
Hibernate: create table Orders (id integer generated by default as identity, createdAt timestamp not null, updatedAt timestamp not null, version integer not null, status varchar(255) not null, total_amount double, primary key (id))
Hibernate: create table Product (id integer generated by default as identity, createdAt timestamp not null, updatedAt timestamp not null, version integer not null, barcode varchar(255) not null, clientId integer not null, imgUrl varchar(255), mrp double not null, name varchar(255) not null, primary key (id))
Hibernate: create table User (id integer generated by default as identity, email varchar(255) not null, password varchar(255) not null, role varchar(255) not null, primary key (id))
Hibernate: alter table Client add constraint UK_eg4wfteftbonrq34g1yoyvm2r unique (clientName)
Hibernate: alter table Inventory add constraint UK_52hn4fbu14usn1xa3uu0lgpiq unique (productId)
Hibernate: alter table OrderItem add constraint UK6olkco6djavv4ryri3s8fywu unique (orderId, productId)
Hibernate: alter table Orders add constraint UK_2j8olrgd5jigtbmx0lsf265js unique (status)
Hibernate: alter table Product add constraint UK_a8slcwuk6kcnegxoe8hbrs9on unique (barcode)
Hibernate: alter table User add constraint UK_e6gkqunxajvyxl5uctpl2vl2p unique (email)
Hibernate: insert into Client (id, createdAt, updatedAt, version, clientName) values (null, ?, ?, ?, ?)
Hibernate: insert into Client (id, createdAt, updatedAt, version, clientName) values (null, ?, ?, ?, ?)
Hibernate: insert into Product (id, createdAt, updatedAt, version, barcode, clientId, imgUrl, mrp, name) values (null, ?, ?, ?, ?, ?, ?, ?, ?)
Hibernate: insert into Product (id, createdAt, updatedAt, version, barcode, clientId, imgUrl, mrp, name) values (null, ?, ?, ?, ?, ?, ?, ?, ?)
Hibernate: insert into Product (id, createdAt, updatedAt, version, barcode, clientId, imgUrl, mrp, name) values (null, ?, ?, ?, ?, ?, ?, ?, ?)
Hibernate: insert into Orders (id, createdAt, updatedAt, version, status, total_amount) values (null, ?, ?, ?, ?, ?)
Hibernate: insert into Orders (id, createdAt, updatedAt, version, status, total_amount) values (null, ?, ?, ?, ?, ?)
Hibernate: select count(client0_.id) as col_0_0_ from Client client0_
]]></system-out>
    <system-err><![CDATA[Nov 03, 2025 2:53:02 PM org.hibernate.jpa.internal.util.LogHelper logPersistenceUnitInformation
INFO: HHH000204: Processing PersistenceUnitInfo [
	name: default
	...]
Nov 03, 2025 2:53:02 PM org.hibernate.Version logVersion
INFO: HHH000412: Hibernate Core {5.4.0.Final}
Nov 03, 2025 2:53:02 PM org.hibernate.cfg.Environment <clinit>
INFO: HHH000206: hibernate.properties not found
Nov 03, 2025 2:53:02 PM org.hibernate.annotations.common.reflection.java.JavaReflectionManager <clinit>
INFO: HCANN000001: Hibernate Commons Annotations {5.1.0.Final}
Nov 03, 2025 2:53:02 PM org.hibernate.dialect.Dialect <init>
INFO: HHH000400: Using dialect: org.hibernate.dialect.H2Dialect
Nov 03, 2025 2:53:02 PM org.hibernate.validator.internal.util.Version <clinit>
INFO: HV000001: Hibernate Validator 6.2.0.Final
Nov 03, 2025 2:53:03 PM org.hibernate.tool.schema.internal.SchemaCreatorImpl applyImportSources
INFO: HHH000476: Executing import script 'org.hibernate.tool.schema.internal.exec.ScriptSourceInputNonExistentImpl@1c1d770f'
Nov 03, 2025 2:53:03 PM org.hibernate.engine.transaction.jta.platform.internal.JtaPlatformInitiator initiateService
INFO: HHH000490: Using JtaPlatform implementation: [org.hibernate.engine.transaction.jta.platform.internal.NoJtaPlatform]
Nov 03, 2025 2:53:03 PM org.hibernate.hql.internal.QueryTranslatorFactoryInitiator initiateService
INFO: HHH000397: Using ASTQueryTranslatorFactory
]]></system-err>
  </testcase>
  <testcase name="getTotalProducts_withData_shouldReturnCount" classname="com.increff.pos.integration.dao.DashboardDaoIntegrationTest" time="0.01">
    <system-out><![CDATA[Hibernate: insert into Client (id, createdAt, updatedAt, version, clientName) values (null, ?, ?, ?, ?)
Hibernate: insert into Client (id, createdAt, updatedAt, version, clientName) values (null, ?, ?, ?, ?)
Hibernate: insert into Product (id, createdAt, updatedAt, version, barcode, clientId, imgUrl, mrp, name) values (null, ?, ?, ?, ?, ?, ?, ?, ?)
Hibernate: insert into Product (id, createdAt, updatedAt, version, barcode, clientId, imgUrl, mrp, name) values (null, ?, ?, ?, ?, ?, ?, ?, ?)
Hibernate: insert into Product (id, createdAt, updatedAt, version, barcode, clientId, imgUrl, mrp, name) values (null, ?, ?, ?, ?, ?, ?, ?, ?)
Hibernate: insert into Orders (id, createdAt, updatedAt, version, status, total_amount) values (null, ?, ?, ?, ?, ?)
Hibernate: insert into Orders (id, createdAt, updatedAt, version, status, total_amount) values (null, ?, ?, ?, ?, ?)
Hibernate: select count(product0_.id) as col_0_0_ from Product product0_
]]></system-out>
  </testcase>
  <testcase name="getTotalClients_whenEmpty_shouldReturnZero" classname="com.increff.pos.integration.dao.DashboardDaoIntegrationTest" time="0.004">
    <system-out><![CDATA[Hibernate: select count(client0_.id) as col_0_0_ from Client client0_
]]></system-out>
  </testcase>
  <testcase name="getTotalRevenue_whenEmpty_shouldReturnZero" classname="com.increff.pos.integration.dao.DashboardDaoIntegrationTest" time="0.013">
    <system-out><![CDATA[Hibernate: select coalesce(sum(orders0_.total_amount), 0.0) as col_0_0_ from Orders orders0_ where orders0_.status='INVOICED'
]]></system-out>
  </testcase>
  <testcase name="getTotalRevenue_withData_shouldReturnSum" classname="com.increff.pos.integration.dao.DashboardDaoIntegrationTest" time="0.008">
    <system-out><![CDATA[Hibernate: insert into Client (id, createdAt, updatedAt, version, clientName) values (null, ?, ?, ?, ?)
Hibernate: insert into Client (id, createdAt, updatedAt, version, clientName) values (null, ?, ?, ?, ?)
Hibernate: insert into Product (id, createdAt, updatedAt, version, barcode, clientId, imgUrl, mrp, name) values (null, ?, ?, ?, ?, ?, ?, ?, ?)
Hibernate: insert into Product (id, createdAt, updatedAt, version, barcode, clientId, imgUrl, mrp, name) values (null, ?, ?, ?, ?, ?, ?, ?, ?)
Hibernate: insert into Product (id, createdAt, updatedAt, version, barcode, clientId, imgUrl, mrp, name) values (null, ?, ?, ?, ?, ?, ?, ?, ?)
Hibernate: insert into Orders (id, createdAt, updatedAt, version, status, total_amount) values (null, ?, ?, ?, ?, ?)
Hibernate: insert into Orders (id, createdAt, updatedAt, version, status, total_amount) values (null, ?, ?, ?, ?, ?)
Hibernate: select coalesce(sum(orders0_.total_amount), 0.0) as col_0_0_ from Orders orders0_ where orders0_.status='INVOICED'
]]></system-out>
  </testcase>
  <testcase name="getTotalProducts_whenEmpty_shouldReturnZero" classname="com.increff.pos.integration.dao.DashboardDaoIntegrationTest" time="0.003">
    <system-out><![CDATA[Hibernate: select count(product0_.id) as col_0_0_ from Product product0_
]]></system-out>
  </testcase>
  <testcase name="getTotalOrders_withData_shouldReturnCount" classname="com.increff.pos.integration.dao.DashboardDaoIntegrationTest" time="0.01">
    <system-out><![CDATA[Hibernate: insert into Client (id, createdAt, updatedAt, version, clientName) values (null, ?, ?, ?, ?)
Hibernate: insert into Client (id, createdAt, updatedAt, version, clientName) values (null, ?, ?, ?, ?)
Hibernate: insert into Product (id, createdAt, updatedAt, version, barcode, clientId, imgUrl, mrp, name) values (null, ?, ?, ?, ?, ?, ?, ?, ?)
Hibernate: insert into Product (id, createdAt, updatedAt, version, barcode, clientId, imgUrl, mrp, name) values (null, ?, ?, ?, ?, ?, ?, ?, ?)
Hibernate: insert into Product (id, createdAt, updatedAt, version, barcode, clientId, imgUrl, mrp, name) values (null, ?, ?, ?, ?, ?, ?, ?, ?)
Hibernate: insert into Orders (id, createdAt, updatedAt, version, status, total_amount) values (null, ?, ?, ?, ?, ?)
Hibernate: insert into Orders (id, createdAt, updatedAt, version, status, total_amount) values (null, ?, ?, ?, ?, ?)
Hibernate: select count(orders0_.id) as col_0_0_ from Orders orders0_ where orders0_.status='INVOICED'
]]></system-out>
  </testcase>
  <testcase name="getTotalOrders_whenEmpty_shouldReturnZero" classname="com.increff.pos.integration.dao.DashboardDaoIntegrationTest" time="0.003">
    <system-out><![CDATA[Hibernate: select count(orders0_.id) as col_0_0_ from Orders orders0_ where orders0_.status='INVOICED'
]]></system-out>
  </testcase>
</testsuite>