<?xml version="1.0" encoding="UTF-8"?>
<testsuite xmlns:xsi="http://www.w3.org/2001/XMLSchema-instance" xsi:noNamespaceSchemaLocation="https://maven.apache.org/surefire/maven-surefire-plugin/xsd/surefire-test-report-3.0.xsd" version="3.0" name="com.increff.pos.unit.ClientApiTest" time="0.045" tests="11" errors="0" skipped="0" failures="0">
  <properties>
[...]
</properties>
  <testcase name="getById_existingId_shouldReturnClient" classname="com.increff.pos.unit.ClientApiTest" time="0.024"/>
  <testcase name="getById_nonExistentId_shouldReturnNull" classname="com.increff.pos.unit.ClientApiTest" time="0.001"/>
  <testcase name="add_duplicateName_shouldThrowApiException" classname="com.increff.pos.unit.ClientApiTest" time="0.002"/>
  <testcase name="update_validUpdate_shouldSucceed" classname="com.increff.pos.unit.ClientApiTest" time="0.003"/>
  <testcase name="update_sameName_shouldThrowApiException_BUG" classname="com.increff.pos.unit.ClientApiTest" time="0.003"/>
  <testcase name="getAll_clientsFound_shouldReturnPaginatedResult" classname="com.increff.pos.unit.ClientApiTest" time="0.002"/>
  <testcase name="update_clientNotFound_shouldThrowApiException" classname="com.increff.pos.unit.ClientApiTest" time="0.002"/>
  <testcase name="add_nullClient_shouldThrowNullPointerException" classname="com.increff.pos.unit.ClientApiTest" time="0.001"/>
  <testcase name="update_duplicateName_shouldThrowApiException" classname="com.increff.pos.unit.ClientApiTest" time="0.003"/>
  <testcase name="getAll_noClientsFound_shouldReturnEmptyResult" classname="com.increff.pos.unit.ClientApiTest" time="0.001"/>
  <testcase name="add_validClient_shouldSucceed" classname="com.increff.pos.unit.ClientApiTest" time="0.001"/>
</testsuite>